667 334000
1000
999
997
996
994
993
991
990
988
987
985
984
982
981
979
978
976
975
973
972
970
969
967
966
964
963
961
960
958
957
955
954
952
951
949
948
946
945
943
942
940
939
937
936
934
933
931
930
928
927
925
924
922
921
919
918
916
915
913
912
910
909
907
906
904
903
901
900
898
897
895
894
892
891
889
888
886
885
883
882
880
879
877
876
874
873
871
870
868
867
865
864
862
861
859
858
856
855
853
852
850
849
847
846
844
843
841
840
838
837
835
834
832
831
829
828
826
825
823
822
820
819
817
816
814
813
811
810
808
807
805
804
802
801
799
798
796
795
793
792
790
789
787
786
784
783
781
780
778
777
775
774
772
771
769
768
766
765
763
762
760
759
757
756
754
753
751
750
748
747
745
744
742
741
739
738
736
735
733
732
730
729
727
726
724
723
721
720
718
717
715
714
712
711
709
708
706
705
703
702
700
699
697
696
694
693
691
690
688
687
685
684
682
681
679
678
676
675
673
672
670
669
667
666
664
663
661
660
658
657
655
654
652
651
649
648
646
645
643
642
640
639
637
636
634
633
631
630
628
627
625
624
622
621
619
618
616
615
613
612
610
609
607
606
604
603
601
600
598
597
595
594
592
591
589
588
586
585
583
582
580
579
577
576
574
573
571
570
568
567
565
564
562
561
559
558
556
555
553
552
550
549
547
546
544
543
541
540
538
537
535
534
532
531
529
528
526
525
523
522
520
519
517
516
514
513
511
510
508
507
505
504
502
501
499
498
496
495
493
492
490
489
487
486
484
483
481
480
478
477
475
474
472
471
469
468
466
465
463
462
460
459
457
456
454
453
451
450
448
447
445
444
442
441
439
438
436
435
433
432
430
429
427
426
424
423
421
420
418
417
415
414
412
411
409
408
406
405
403
402
400
399
397
396
394
393
391
390
388
387
385
384
382
381
379
378
376
375
373
372
370
369
367
366
364
363
361
360
358
357
355
354
352
351
349
348
346
345
343
342
340
339
337
336
334
333
331
330
328
327
325
324
322
321
319
318
316
315
313
312
310
309
307
306
304
303
301
300
298
297
295
294
292
291
289
288
286
285
283
282
280
279
277
276
274
273
271
270
268
267
265
264
262
261
259
258
256
255
253
252
250
249
247
246
244
243
241
240
238
237
235
234
232
231
229
228
226
225
223
222
220
219
217
216
214
213
211
210
208
207
205
204
202
201
199
198
196
195
193
192
190
189
187
186
184
183
181
180
178
177
175
174
172
171
169
168
166
165
163
162
160
159
157
156
154
153
151
150
148
147
145
144
142
141
139
138
136
135
133
132
130
129
127
126
124
123
121
120
118
117
115
114
112
111
109
108
106
105
103
102
100
99
97
96
94
93
91
90
88
87
85
84
82
81
79
78
76
75
73
72
70
69
67
66
64
63
61
60
58
57
55
54
52
51
49
48
46
45
43
42
40
39
37
36
34
33
31
30
28
27
25
24
22
21
19
18
16
15
13
12
10
9
7
6
4
3
1
